生成启动时间为 2018/1/9 15:37:43。
     1>项目“D:\HUSKY\HuskyNeo2Tool20180106\HuskyNeo2Tool\HuskyNeo2Tool.vcxproj”在节点 2 上(Build 个目标)。
     1>ClCompile:
         C:\Program Files (x86)\Microsoft Visual Studio 11.0\VC\bin\CL.exe /c /AI"C:\Program Files (x86)\Reference Assemblies\Microsoft\Framework\.NETFramework\v4.0" /AI"C:\Program Files (x86)\Windows Kits\8.0\References\CommonConfiguration\Neutral" /Zi /clr:pure /nologo /W3 /WX- /O2 /Oy- /GL /D WIN32 /D NDEBUG /D _UNICODE /D UNICODE /EHa /MD /GS /fp:precise /Zc:wchar_t /Zc:forScope /Yu"stdafx.h" /Fp"Release\HuskyNeo2Tool.pch" /Fo"Release\\" /Fd"Release\vc110.pdb" /TP /FU"C:\Program Files (x86)\Reference Assemblies\Microsoft\Framework\.NETFramework\v4.0\mscorlib.dll" /FU"C:\Program Files (x86)\Reference Assemblies\Microsoft\Framework\.NETFramework\v4.0\System.Data.dll" /FU"C:\Program Files (x86)\Reference Assemblies\Microsoft\Framework\.NETFramework\v4.0\System.dll" /FU"C:\Program Files (x86)\Reference Assemblies\Microsoft\Framework\.NETFramework\v4.0\System.Drawing.dll" /FU"C:\Program Files (x86)\Reference Assemblies\Microsoft\Framework\.NETFramework\v4.0\System.Windows.Forms.dll" /FU"C:\Program Files (x86)\Reference Assemblies\Microsoft\Framework\.NETFramework\v4.0\System.Xml.dll" /analyze- /errorReport:prompt /clr:nostdlib HuskyNeo2Tool.cpp
         HuskyNeo2Tool.cpp
     1>d:\husky\huskyneo2tool20180106\huskyneo2tool\IpConfigure.h(435): warning C4996: 'strcpy': This function or variable may be unsafe. Consider using strcpy_s instead. To disable deprecation, use _CRT_SECURE_NO_WARNINGS. See online help for details.
                 C:\Program Files (x86)\Microsoft Visual Studio 11.0\VC\include\string.h(110) : 参见“strcpy”的声明
     1>d:\husky\huskyneo2tool20180106\huskyneo2tool\IpConfigure.h(437): warning C4996: 'fopen': This function or variable may be unsafe. Consider using fopen_s instead. To disable deprecation, use _CRT_SECURE_NO_WARNINGS. See online help for details.
                 C:\Program Files (x86)\Microsoft Visual Studio 11.0\VC\include\stdio.h(218) : 参见“fopen”的声明
     1>d:\husky\huskyneo2tool20180106\huskyneo2tool\Form1.h(103): warning C4996: 'strcpy': This function or variable may be unsafe. Consider using strcpy_s instead. To disable deprecation, use _CRT_SECURE_NO_WARNINGS. See online help for details.
                 C:\Program Files (x86)\Microsoft Visual Studio 11.0\VC\include\string.h(110) : 参见“strcpy”的声明
     1>d:\husky\huskyneo2tool20180106\huskyneo2tool\Form1.h(104): warning C4996: 'fopen': This function or variable may be unsafe. Consider using fopen_s instead. To disable deprecation, use _CRT_SECURE_NO_WARNINGS. See online help for details.
                 C:\Program Files (x86)\Microsoft Visual Studio 11.0\VC\include\stdio.h(218) : 参见“fopen”的声明
     1>d:\husky\huskyneo2tool20180106\huskyneo2tool\Form1.h(241): warning C4244: “=”: 从“double”转换到“float”，可能丢失数据
     1>d:\husky\huskyneo2tool20180106\huskyneo2tool\Form1.h(242): warning C4244: “初始化”: 从“double”转换到“int”，可能丢失数据
     1>d:\husky\huskyneo2tool20180106\huskyneo2tool\Form1.h(253): warning C4965: 整数 0 的隐式装箱；请使用 nullptr 或显式转换
     1>d:\husky\huskyneo2tool20180106\huskyneo2tool\Form1.h(268): warning C4965: 整数 0 的隐式装箱；请使用 nullptr 或显式转换
     1>d:\husky\huskyneo2tool20180106\huskyneo2tool\Form1.h(270): warning C4244: “=”: 从“double”转换到“float”，可能丢失数据
     1>d:\husky\huskyneo2tool20180106\huskyneo2tool\Form1.h(271): warning C4244: “初始化”: 从“double”转换到“int”，可能丢失数据
     1>d:\husky\huskyneo2tool20180106\huskyneo2tool\Form1.h(292): warning C4244: “=”: 从“double”转换到“float”，可能丢失数据
     1>d:\husky\huskyneo2tool20180106\huskyneo2tool\Form1.h(293): warning C4244: “初始化”: 从“double”转换到“int”，可能丢失数据
     1>d:\husky\huskyneo2tool20180106\huskyneo2tool\Form1.h(308): warning C4244: “初始化”: 从“double”转换到“float”，可能丢失数据
     1>d:\husky\huskyneo2tool20180106\huskyneo2tool\Form1.h(310): warning C4244: “初始化”: 从“double”转换到“float”，可能丢失数据
     1>d:\husky\huskyneo2tool20180106\huskyneo2tool\Form1.h(320): warning C4965: 整数 0 的隐式装箱；请使用 nullptr 或显式转换
     1>d:\husky\huskyneo2tool20180106\huskyneo2tool\Form1.h(322): warning C4965: 整数 0 的隐式装箱；请使用 nullptr 或显式转换
       Link:
         C:\Program Files (x86)\Microsoft Visual Studio 11.0\VC\bin\link.exe /ERRORREPORT:PROMPT /OUT:"D:\HUSKY\HuskyNeo2Tool20180106\Release\HuskyNeo2Tool.exe" /INCREMENTAL:NO /NOLOGO /ASSEMBLYRESOURCE:Release\HuskyNeo2Tool.AlarmStatusWindow.resources /ASSEMBLYRESOURCE:Release\HuskyNeo2Tool.AllZonesTemperatureSetting.resources /ASSEMBLYRESOURCE:Release\HuskyNeo2Tool.Form1.resources /ASSEMBLYRESOURCE:Release\HuskyNeo2Tool.IpConfigure.resources /ASSEMBLYRESOURCE:Release\HuskyNeo2Tool.SetAllZonesTemperatureForm.resources /ASSEMBLYRESOURCE:Release\HuskyNeo2Tool.SetTempInProgressForm.resources /MANIFEST /MANIFESTUAC:"level='asInvoker' uiAccess='false'" /manifest:embed /DEBUG /PDB:"D:\HUSKY\HuskyNeo2Tool20180106\Release\HuskyNeo2Tool.pdb" /SUBSYSTEM:WINDOWS /LTCG /TLBID:1 /ENTRY:"main" /DYNAMICBASE /FIXED:NO /NXCOMPAT /MACHINE:X86 /SAFESEH Release\AlarmStatusWindow.obj
         Release\AllZonesTemperatureSetting.obj
         Release\AssemblyInfo.obj
         Release\Husky.obj
         Release\HuskyNeo2Tool.obj
         Release\IpConfigure.obj
         Release\SerialPort.obj
         Release\SetAllZonesTemperatureForm.obj
         Release\SetTempInProgressForm.obj
         Release\stdafx.obj
         "Release\.NETFramework,Version=v4.0.AssemblyAttributes.obj"
         LINK : 已指定 /LTCG，但不需要生成代码；从链接命令行中移除 /LTCG 以提高链接器性能
         HuskyNeo2Tool.vcxproj -> D:\HUSKY\HuskyNeo2Tool20180106\Release\HuskyNeo2Tool.exe
     1>已完成生成项目“D:\HUSKY\HuskyNeo2Tool20180106\HuskyNeo2Tool\HuskyNeo2Tool.vcxproj”(Build 个目标)的操作。

生成成功。

已用时间 00:00:02.09
