D:\HUSKY\HUSKYNEO2TOOL_DEBUGOK\HUSKYNEO2TOOL\RELEASE\HUSKYNEO2TOOL.PCH
D:\HUSKY\HUSKYNEO2TOOL_DEBUGOK\HUSKYNEO2TOOL\RELEASE\STDAFX.OBJ
D:\HUSKY\HUSKYNEO2TOOL_DEBUGOK\HUSKYNEO2TOOL\RELEASE\VC110.PDB
D:\HUSKY\HUSKYNEO2TOOL_DEBUGOK\HUSKYNEO2TOOL\RELEASE\IPCONFIGURE.OBJ
D:\HUSKY\HUSKYNEO2TOOL_DEBUGOK\HUSKYNEO2TOOL\RELEASE\HUSKYNEO2TOOL.OBJ
D:\HUSKY\HUSKYNEO2TOOL_DEBUGOK\HUSKYNEO2TOOL\RELEASE\HUSKY.OBJ
D:\HUSKY\HUSKYNEO2TOOL_DEBUGOK\HUSKYNEO2TOOL\RELEASE\ASSEMBLYINFO.OBJ
D:\HUSKY\HUSKYNEO2TOOL_DEBUGOK\HUSKYNEO2TOOL\RELEASE\ALLZONESTEMPERATURESETTING.OBJ
D:\HUSKY\HUSKYNEO2TOOL_DEBUGOK\HUSKYNEO2TOOL\RELEASE\.NETFRAMEWORK,VERSION=V4.0.ASSEMBLYATTRIBUTES.OBJ
D:\HUSKY\HuskyNeo2Tool_DEBUGOK\HuskyNeo2Tool\Release\HuskyNeo2Tool.AllZonesTemperatureSetting.resources
D:\HUSKY\HuskyNeo2Tool_DEBUGOK\HuskyNeo2Tool\Release\HuskyNeo2Tool.Form1.resources
D:\HUSKY\HuskyNeo2Tool_DEBUGOK\HuskyNeo2Tool\Release\HuskyNeo2Tool.IpConfigure.resources
D:\HUSKY\HUSKYNEO2TOOL_DEBUGOK\RELEASE\HUSKYNEO2TOOL.EXE
D:\HUSKY\HUSKYNEO2TOOL_DEBUGOK\RELEASE\HUSKYNEO2TOOL.PDB
D:\HUSKY\HuskyNeo2Tool_DEBUGOK\HuskyNeo2Tool\Release\HuskyNeo2Tool.vcxproj.GenerateResource.Cache
D:\HUSKY\HuskyNeo2Tool_DEBUGOK\HuskyNeo2Tool\Release\HuskyNeo2Tool.vcxprojResolveAssemblyReference.cache
D:\HUSKY\HuskyNeo2Tool_DEBUGOK\HuskyNeo2Tool\Release\.NETFramework,Version=v4.0.AssemblyAttributes.obj
D:\HUSKY\HuskyNeo2Tool_DEBUGOK\HuskyNeo2Tool\Release\AllZonesTemperatureSetting.obj
D:\HUSKY\HuskyNeo2Tool_DEBUGOK\HuskyNeo2Tool\Release\AssemblyInfo.obj
D:\HUSKY\HuskyNeo2Tool_DEBUGOK\HuskyNeo2Tool\Release\Husky.obj
D:\HUSKY\HuskyNeo2Tool_DEBUGOK\HuskyNeo2Tool\Release\HuskyNeo2Tool.obj
D:\HUSKY\HuskyNeo2Tool_DEBUGOK\HuskyNeo2Tool\Release\IpConfigure.obj
D:\HUSKY\HuskyNeo2Tool_DEBUGOK\HuskyNeo2Tool\Release\stdafx.obj
D:\HUSKY\HuskyNeo2Tool_DEBUGOK\HuskyNeo2Tool\Release\cl.command.1.tlog
D:\HUSKY\HuskyNeo2Tool_DEBUGOK\HuskyNeo2Tool\Release\CL.read.1.tlog
D:\HUSKY\HuskyNeo2Tool_DEBUGOK\HuskyNeo2Tool\Release\CL.write.1.tlog
D:\HUSKY\HuskyNeo2Tool_DEBUGOK\HuskyNeo2Tool\Release\HuskyNeo2Tool.write.1.tlog
D:\HUSKY\HuskyNeo2Tool_DEBUGOK\HuskyNeo2Tool\Release\link-cvtres.read.1.tlog
D:\HUSKY\HuskyNeo2Tool_DEBUGOK\HuskyNeo2Tool\Release\link-cvtres.write.1.tlog
D:\HUSKY\HuskyNeo2Tool_DEBUGOK\HuskyNeo2Tool\Release\link-rc.read.1.tlog
D:\HUSKY\HuskyNeo2Tool_DEBUGOK\HuskyNeo2Tool\Release\link-rc.write.1.tlog
D:\HUSKY\HuskyNeo2Tool_DEBUGOK\HuskyNeo2Tool\Release\link.command.1.tlog
D:\HUSKY\HuskyNeo2Tool_DEBUGOK\HuskyNeo2Tool\Release\link.read.1.tlog
D:\HUSKY\HuskyNeo2Tool_DEBUGOK\HuskyNeo2Tool\Release\link.write.1.tlog
D:\HUSKY\HuskyNeo2Tool_DEBUGOK\HuskyNeo2Tool\Release\metagen.read.1.tlog
D:\HUSKY\HuskyNeo2Tool_DEBUGOK\HuskyNeo2Tool\Release\metagen.write.1.tlog
D:\HUSKY\HuskyNeo2Tool_DEBUGOK\HuskyNeo2Tool\Release\HuskyNeo2Tool.pch
D:\HUSKY\HuskyNeo2Tool_DEBUGOK\HuskyNeo2Tool\Release\vc110.pdb
D:\HUSKY\HuskyNeo2Tool_DEBUGOK\HuskyNeo2Tool\Release\TZRES.DLL.bi
D:\HUSKY\HuskyNeo2Tool_DEBUGOK\Release\HuskyNeo2Tool.pdb
D:\HUSKY\HuskyNeo2Tool_DEBUGOK\Release\HuskyNeo2Tool.exe
