生成启动时间为 2017/12/28 14:03:11。
     1>项目“D:\HUSKY\HuskyNeo2Tool_DEBUG_20171227ok\HuskyNeo2Tool\HuskyNeo2Tool.vcxproj”在节点 2 上(Build 个目标)。
     1>ClCompile:
         C:\Program Files (x86)\Microsoft Visual Studio 11.0\VC\bin\CL.exe /c /AI"C:\Program Files (x86)\Reference Assemblies\Microsoft\Framework\.NETFramework\v4.0" /AI"C:\Program Files (x86)\Windows Kits\8.0\References\CommonConfiguration\Neutral" /Zi /clr:pure /nologo /W3 /WX- /Od /Oy- /D WIN32 /D _DEBUG /D _UNICODE /D UNICODE /EHa /MD /GS /fp:precise /Zc:wchar_t /Zc:forScope /Yu"stdafx.h" /Fp"Debug\HuskyNeo2Tool.pch" /Fo"Debug\\" /Fd"Debug\vc110.pdb" /TP /FU"C:\Program Files (x86)\Reference Assemblies\Microsoft\Framework\.NETFramework\v4.0\mscorlib.dll" /FU"C:\Program Files (x86)\Reference Assemblies\Microsoft\Framework\.NETFramework\v4.0\System.Data.dll" /FU"C:\Program Files (x86)\Reference Assemblies\Microsoft\Framework\.NETFramework\v4.0\System.dll" /FU"C:\Program Files (x86)\Reference Assemblies\Microsoft\Framework\.NETFramework\v4.0\System.Drawing.dll" /FU"C:\Program Files (x86)\Reference Assemblies\Microsoft\Framework\.NETFramework\v4.0\System.Windows.Forms.dll" /FU"C:\Program Files (x86)\Reference Assemblies\Microsoft\Framework\.NETFramework\v4.0\System.Xml.dll" /analyze- /errorReport:prompt /clr:nostdlib Husky.cpp
         Husky.cpp
     1>Husky.cpp(2): warning C4627: “#include <Windows.h>”: 在查找预编译头使用时跳过
                 将指令添加到“stdafx.h”或重新生成预编译头
     1>Husky.cpp(21): warning C4996: 'strncpy': This function or variable may be unsafe. Consider using strncpy_s instead. To disable deprecation, use _CRT_SECURE_NO_WARNINGS. See online help for details.
                 C:\Program Files (x86)\Microsoft Visual Studio 11.0\VC\include\string.h(191) : 参见“strncpy”的声明
     1>Husky.cpp(172): warning C4244: “=”: 从“binfloat”转换到“unsigned char”，可能丢失数据
     1>Husky.cpp(449): warning C4996: 'strncpy': This function or variable may be unsafe. Consider using strncpy_s instead. To disable deprecation, use _CRT_SECURE_NO_WARNINGS. See online help for details.
                 C:\Program Files (x86)\Microsoft Visual Studio 11.0\VC\include\string.h(191) : 参见“strncpy”的声明
     1>Husky.cpp(455): warning C4996: 'strncpy': This function or variable may be unsafe. Consider using strncpy_s instead. To disable deprecation, use _CRT_SECURE_NO_WARNINGS. See online help for details.
                 C:\Program Files (x86)\Microsoft Visual Studio 11.0\VC\include\string.h(191) : 参见“strncpy”的声明
       Link:
         C:\Program Files (x86)\Microsoft Visual Studio 11.0\VC\bin\link.exe /ERRORREPORT:PROMPT /OUT:"D:\HUSKY\HuskyNeo2Tool_DEBUG_20171227ok\Debug\HuskyNeo2Tool.exe" /INCREMENTAL /NOLOGO /ASSEMBLYRESOURCE:Debug\HuskyNeo2Tool.AlarmStatusWindow.resources /ASSEMBLYRESOURCE:Debug\HuskyNeo2Tool.AllZonesTemperatureSetting.resources /ASSEMBLYRESOURCE:Debug\HuskyNeo2Tool.Form1.resources /ASSEMBLYRESOURCE:Debug\HuskyNeo2Tool.IpConfigure.resources /ASSEMBLYRESOURCE:Debug\HuskyNeo2Tool.SetAllZonesTemperatureForm.resources /MANIFEST /MANIFESTUAC:"level='asInvoker' uiAccess='false'" /manifest:embed /DEBUG /PDB:"D:\HUSKY\HuskyNeo2Tool_DEBUG_20171227ok\Debug\HuskyNeo2Tool.pdb" /ASSEMBLYDEBUG /SUBSYSTEM:WINDOWS /TLBID:1 /ENTRY:"main" /DYNAMICBASE /FIXED:NO /NXCOMPAT /MACHINE:X86 /SAFESEH Debug\AlarmStatusWindow.obj
         Debug\AllZonesTemperatureSetting.obj
         Debug\AssemblyInfo.obj
         Debug\Husky.obj
         Debug\HuskyNeo2Tool.obj
         Debug\IpConfigure.obj
         Debug\SerialPort.obj
         Debug\SetAllZonesTemperatureForm.obj
         Debug\stdafx.obj
         "Debug\.NETFramework,Version=v4.0.AssemblyAttributes.obj"
     1>MSVCURT.lib(mexcptptr.obj) : error LNK2022: 元数据操作失败(8013118D): 重复类型(std.basic_string<char,std::char_traits<char>,std::allocator<char> >)中的布局信息不一致: (0x0200010b)。
     1>MSVCURT.lib(mexcptptr.obj) : error LNK2022: 元数据操作失败(8013118D): 重复类型(std._String_val<std::_Simple_types<char> >)中的布局信息不一致: (0x0200010d)。
     1>MSVCURT.lib(ios.obj) : error LNK2022: 元数据操作失败(8013118D): 重复类型(std.basic_string<char,std::char_traits<char>,std::allocator<char> >)中的布局信息不一致: (0x02000064)。
     1>MSVCURT.lib(ios.obj) : error LNK2022: 元数据操作失败(8013118D): 重复类型(std._String_alloc<0,std::_String_base_types<char,std::allocator<char> > >)中的布局信息不一致: (0x0200008f)。
     1>MSVCURT.lib(ios.obj) : error LNK2022: 元数据操作失败(8013118D): 重复类型(std._String_val<std::_Simple_types<char> >)中的布局信息不一致: (0x02000093)。
     1>MSVCURT.lib(xthrow.obj) : error LNK2022: 元数据操作失败(8013118D): 重复类型(std.basic_string<char,std::char_traits<char>,std::allocator<char> >)中的布局信息不一致: (0x020000e5)。
     1>MSVCURT.lib(xthrow.obj) : error LNK2022: 元数据操作失败(8013118D): 重复类型(std._String_alloc<0,std::_String_base_types<char,std::allocator<char> > >)中的布局信息不一致: (0x0200013f)。
     1>MSVCURT.lib(xthrow.obj) : error LNK2022: 元数据操作失败(8013118D): 重复类型(std._String_val<std::_Simple_types<char> >)中的布局信息不一致: (0x02000143)。
     1>MSVCURT.lib(syserror.obj) : error LNK2022: 元数据操作失败(8013118D): 重复类型(std.basic_string<char,std::char_traits<char>,std::allocator<char> >)中的布局信息不一致: (0x020000ee)。
     1>MSVCURT.lib(syserror.obj) : error LNK2022: 元数据操作失败(8013118D): 重复类型(std._String_alloc<0,std::_String_base_types<char,std::allocator<char> > >)中的布局信息不一致: (0x02000102)。
     1>MSVCURT.lib(syserror.obj) : error LNK2022: 元数据操作失败(8013118D): 重复类型(std._String_val<std::_Simple_types<char> >)中的布局信息不一致: (0x02000106)。
     1>MSVCURT.lib(locale0_implib.obj) : error LNK2022: 元数据操作失败(8013118D): 重复类型(std.basic_string<char,std::char_traits<char>,std::allocator<char> >)中的布局信息不一致: (0x020000a4)。
     1>MSVCURT.lib(locale0_implib.obj) : error LNK2022: 元数据操作失败(8013118D): 重复类型(std._String_alloc<0,std::_String_base_types<char,std::allocator<char> > >)中的布局信息不一致: (0x020000ef)。
     1>MSVCURT.lib(locale0_implib.obj) : error LNK2022: 元数据操作失败(8013118D): 重复类型(std._String_val<std::_Simple_types<char> >)中的布局信息不一致: (0x020000f3)。
     1>MSVCURT.lib(locale_implib_pure.obj) : error LNK2022: 元数据操作失败(8013118D): 重复类型(std.basic_string<char,std::char_traits<char>,std::allocator<char> >)中的布局信息不一致: (0x02000081)。
     1>MSVCURT.lib(locale_implib_pure.obj) : error LNK2022: 元数据操作失败(8013118D): 重复类型(std._String_alloc<0,std::_String_base_types<char,std::allocator<char> > >)中的布局信息不一致: (0x020000ca)。
     1>MSVCURT.lib(locale_implib_pure.obj) : error LNK2022: 元数据操作失败(8013118D): 重复类型(std._String_val<std::_Simple_types<char> >)中的布局信息不一致: (0x020000ce)。
     1>MSVCURT.lib(xlocale.obj) : error LNK2022: 元数据操作失败(8013118D): 重复类型(std.basic_string<char,std::char_traits<char>,std::allocator<char> >)中的布局信息不一致: (0x020000bb)。
     1>MSVCURT.lib(xlocale.obj) : error LNK2022: 元数据操作失败(8013118D): 重复类型(std._String_alloc<0,std::_String_base_types<char,std::allocator<char> > >)中的布局信息不一致: (0x02000112)。
     1>MSVCURT.lib(xlocale.obj) : error LNK2022: 元数据操作失败(8013118D): 重复类型(std._String_val<std::_Simple_types<char> >)中的布局信息不一致: (0x02000116)。
     1>MSVCURT.lib(wlocale.obj) : error LNK2022: 元数据操作失败(8013118D): 重复类型(std.basic_string<char,std::char_traits<char>,std::allocator<char> >)中的布局信息不一致: (0x020000d4)。
     1>MSVCURT.lib(wlocale.obj) : error LNK2022: 元数据操作失败(8013118D): 重复类型(std._String_alloc<0,std::_String_base_types<char,std::allocator<char> > >)中的布局信息不一致: (0x0200013b)。
     1>MSVCURT.lib(wlocale.obj) : error LNK2022: 元数据操作失败(8013118D): 重复类型(std._String_val<std::_Simple_types<char> >)中的布局信息不一致: (0x0200013f)。
     1>MSVCURT.lib(xdateord.obj) : error LNK2022: 元数据操作失败(8013118D): 重复类型(std.basic_string<char,std::char_traits<char>,std::allocator<char> >)中的布局信息不一致: (0x020000df)。
     1>MSVCURT.lib(xdateord.obj) : error LNK2022: 元数据操作失败(8013118D): 重复类型(std._String_alloc<0,std::_String_base_types<char,std::allocator<char> > >)中的布局信息不一致: (0x0200012f)。
     1>MSVCURT.lib(xdateord.obj) : error LNK2022: 元数据操作失败(8013118D): 重复类型(std._String_val<std::_Simple_types<char> >)中的布局信息不一致: (0x02000133)。
     1>LINK : fatal error LNK1215: 元数据操作失败(80004005): 未指定的错误
         
         
     1>已完成生成项目“D:\HUSKY\HuskyNeo2Tool_DEBUG_20171227ok\HuskyNeo2Tool\HuskyNeo2Tool.vcxproj”(Build 个目标)的操作 - 失败。

生成失败。

已用时间 00:00:01.09
