D:\HUSKY\HUSKYNEO2TOOL_DEBUG_20171227OK\HUSKYNEO2TOOL\DEBUG\HUSKYNEO2TOOL.PCH
D:\HUSKY\HUSKYNEO2TOOL_DEBUG_20171227OK\HUSKYNEO2TOOL\DEBUG\STDAFX.OBJ
D:\HUSKY\HUSKYNEO2TOOL_DEBUG_20171227OK\HUSKYNEO2TOOL\DEBUG\VC110.PDB
D:\HUSKY\HUSKYNEO2TOOL_DEBUG_20171227OK\HUSKYNEO2TOOL\DEBUG\SETALLZONESTEMPERATUREFORM.OBJ
D:\HUSKY\HUSKYNEO2TOOL_DEBUG_20171227OK\HUSKYNEO2TOOL\DEBUG\SERIALPORT.OBJ
D:\HUSKY\HUSKYNEO2TOOL_DEBUG_20171227OK\HUSKYNEO2TOOL\DEBUG\IPCONFIGURE.OBJ
D:\HUSKY\HUSKYNEO2TOOL_DEBUG_20171227OK\HUSKYNEO2TOOL\DEBUG\HUSKYNEO2TOOL.OBJ
D:\HUSKY\HUSKYNEO2TOOL_DEBUG_20171227OK\HUSKYNEO2TOOL\DEBUG\HUSKY.OBJ
D:\HUSKY\HUSKYNEO2TOOL_DEBUG_20171227OK\HUSKYNEO2TOOL\DEBUG\ASSEMBLYINFO.OBJ
D:\HUSKY\HUSKYNEO2TOOL_DEBUG_20171227OK\HUSKYNEO2TOOL\DEBUG\ALLZONESTEMPERATURESETTING.OBJ
D:\HUSKY\HUSKYNEO2TOOL_DEBUG_20171227OK\HUSKYNEO2TOOL\DEBUG\ALARMSTATUSWINDOW.OBJ
D:\HUSKY\HUSKYNEO2TOOL_DEBUG_20171227OK\HUSKYNEO2TOOL\DEBUG\.NETFRAMEWORK,VERSION=V4.0.ASSEMBLYATTRIBUTES.OBJ
D:\HUSKY\HuskyNeo2Tool_DEBUG_20171227ok\HuskyNeo2Tool\Debug\HuskyNeo2Tool.AlarmStatusWindow.resources
D:\HUSKY\HuskyNeo2Tool_DEBUG_20171227ok\HuskyNeo2Tool\Debug\HuskyNeo2Tool.AllZonesTemperatureSetting.resources
D:\HUSKY\HuskyNeo2Tool_DEBUG_20171227ok\HuskyNeo2Tool\Debug\HuskyNeo2Tool.Form1.resources
D:\HUSKY\HuskyNeo2Tool_DEBUG_20171227ok\HuskyNeo2Tool\Debug\HuskyNeo2Tool.IpConfigure.resources
D:\HUSKY\HuskyNeo2Tool_DEBUG_20171227ok\HuskyNeo2Tool\Debug\HuskyNeo2Tool.SetAllZonesTemperatureForm.resources
D:\HUSKY\HuskyNeo2Tool_DEBUG_20171227ok\HuskyNeo2Tool\Debug\HuskyNeo2Tool.vcxproj.GenerateResource.Cache
D:\HUSKY\HuskyNeo2Tool_DEBUG_20171227ok\HuskyNeo2Tool\Debug\HuskyNeo2Tool.vcxprojResolveAssemblyReference.cache
D:\HUSKY\HuskyNeo2Tool_DEBUG_20171227ok\HuskyNeo2Tool\Debug\.NETFramework,Version=v4.0.AssemblyAttributes.obj
D:\HUSKY\HuskyNeo2Tool_DEBUG_20171227ok\HuskyNeo2Tool\Debug\AlarmStatusWindow.obj
D:\HUSKY\HuskyNeo2Tool_DEBUG_20171227ok\HuskyNeo2Tool\Debug\AllZonesTemperatureSetting.obj
D:\HUSKY\HuskyNeo2Tool_DEBUG_20171227ok\HuskyNeo2Tool\Debug\AssemblyInfo.obj
D:\HUSKY\HuskyNeo2Tool_DEBUG_20171227ok\HuskyNeo2Tool\Debug\Husky.obj
D:\HUSKY\HuskyNeo2Tool_DEBUG_20171227ok\HuskyNeo2Tool\Debug\HuskyNeo2Tool.obj
D:\HUSKY\HuskyNeo2Tool_DEBUG_20171227ok\HuskyNeo2Tool\Debug\IpConfigure.obj
D:\HUSKY\HuskyNeo2Tool_DEBUG_20171227ok\HuskyNeo2Tool\Debug\SerialPort.obj
D:\HUSKY\HuskyNeo2Tool_DEBUG_20171227ok\HuskyNeo2Tool\Debug\SetAllZonesTemperatureForm.obj
D:\HUSKY\HuskyNeo2Tool_DEBUG_20171227ok\HuskyNeo2Tool\Debug\stdafx.obj
D:\HUSKY\HuskyNeo2Tool_DEBUG_20171227ok\HuskyNeo2Tool\Debug\cl.command.1.tlog
D:\HUSKY\HuskyNeo2Tool_DEBUG_20171227ok\HuskyNeo2Tool\Debug\CL.read.1.tlog
D:\HUSKY\HuskyNeo2Tool_DEBUG_20171227ok\HuskyNeo2Tool\Debug\CL.write.1.tlog
D:\HUSKY\HuskyNeo2Tool_DEBUG_20171227ok\HuskyNeo2Tool\Debug\HuskyNeo2Tool.write.1.tlog
D:\HUSKY\HuskyNeo2Tool_DEBUG_20171227ok\HuskyNeo2Tool\Debug\link.1144.read.1.tlog
D:\HUSKY\HuskyNeo2Tool_DEBUG_20171227ok\HuskyNeo2Tool\Debug\link.1144.write.1.tlog
D:\HUSKY\HuskyNeo2Tool_DEBUG_20171227ok\HuskyNeo2Tool\Debug\link.8168.read.1.tlog
D:\HUSKY\HuskyNeo2Tool_DEBUG_20171227ok\HuskyNeo2Tool\Debug\link.8168.write.1.tlog
D:\HUSKY\HuskyNeo2Tool_DEBUG_20171227ok\HuskyNeo2Tool\Debug\link.command.1.tlog
D:\HUSKY\HuskyNeo2Tool_DEBUG_20171227ok\HuskyNeo2Tool\Debug\link.read.1.tlog
D:\HUSKY\HuskyNeo2Tool_DEBUG_20171227ok\HuskyNeo2Tool\Debug\link.write.1.tlog
D:\HUSKY\HuskyNeo2Tool_DEBUG_20171227ok\HuskyNeo2Tool\Debug\metagen.read.1.tlog
D:\HUSKY\HuskyNeo2Tool_DEBUG_20171227ok\HuskyNeo2Tool\Debug\metagen.write.1.tlog
D:\HUSKY\HuskyNeo2Tool_DEBUG_20171227ok\HuskyNeo2Tool\Debug\HuskyNeo2Tool.pch
D:\HUSKY\HuskyNeo2Tool_DEBUG_20171227ok\HuskyNeo2Tool\Debug\vc110.pdb
D:\HUSKY\HuskyNeo2Tool_DEBUG_20171227ok\HuskyNeo2Tool\Debug\TZRES.DLL.bi
D:\HUSKY\HuskyNeo2Tool_DEBUG_20171227ok\Debug\HuskyNeo2Tool.ilk
